E:\WORKSPACE\VC10.0\FACEDETECT\DEBUG\FACEDETECT.EXE
E:\WORKSPACE\VC10.0\FACEDETECT\DEBUG\FACEDETECT.ILK
E:\WORKSPACE\VC10.0\FACEDETECT\DEBUG\FACEDETECT.PDB
E:\Workspace\VC10.0\FaceDetect\FaceDetect\Debug\cl.command.1.tlog
E:\Workspace\VC10.0\FaceDetect\FaceDetect\Debug\CL.read.1.tlog
E:\Workspace\VC10.0\FaceDetect\FaceDetect\Debug\CL.write.1.tlog
E:\Workspace\VC10.0\FaceDetect\FaceDetect\Debug\FaceDetect.exe.embed.manifest
E:\WORKSPACE\VC10.0\FACEDETECT\FACEDETECT\DEBUG\FACEDETECT.EXE.EMBED.MANIFEST.RES
E:\WORKSPACE\VC10.0\FACEDETECT\FACEDETECT\DEBUG\FACEDETECT.EXE.INTERMEDIATE.MANIFEST
E:\Workspace\VC10.0\FaceDetect\FaceDetect\Debug\FaceDetect.vcxprojResolveAssemblyReference.cache
E:\Workspace\VC10.0\FaceDetect\FaceDetect\Debug\FaceDetect.write.1.tlog
E:\Workspace\VC10.0\FaceDetect\FaceDetect\Debug\FaceDetect_manifest.rc
E:\WORKSPACE\VC10.0\FACEDETECT\FACEDETECT\DEBUG\FACEDETECTOR.OBJ
E:\Workspace\VC10.0\FaceDetect\FaceDetect\Debug\link.command.1.tlog
E:\Workspace\VC10.0\FaceDetect\FaceDetect\Debug\link.read.1.tlog
E:\Workspace\VC10.0\FaceDetect\FaceDetect\Debug\link.write.1.tlog
E:\WORKSPACE\VC10.0\FACEDETECT\FACEDETECT\DEBUG\MAIN.OBJ
E:\Workspace\VC10.0\FaceDetect\FaceDetect\Debug\mt.command.1.tlog
E:\Workspace\VC10.0\FaceDetect\FaceDetect\Debug\mt.read.1.tlog
E:\Workspace\VC10.0\FaceDetect\FaceDetect\Debug\mt.write.1.tlog
E:\Workspace\VC10.0\FaceDetect\FaceDetect\Debug\rc.command.1.tlog
E:\Workspace\VC10.0\FaceDetect\FaceDetect\Debug\rc.read.1.tlog
E:\Workspace\VC10.0\FaceDetect\FaceDetect\Debug\rc.write.1.tlog
E:\Workspace\VC10.0\FaceDetect\FaceDetect\Debug\vc100.idb
E:\WORKSPACE\VC10.0\FACEDETECT\FACEDETECT\DEBUG\VC100.PDB
